01:47:04 DEBUG controller.GameController - Simba
01:47:04 DEBUG controller.GameController - Shenzi
17:07:13 DEBUG controller.GameController - Simba
17:07:13 DEBUG controller.GameController - Ed
17:10:49 DEBUG controller.GameController - Simba
17:10:49 DEBUG controller.GameController - Ed
17:21:02 DEBUG controller.GameController - Simba
17:21:02 DEBUG controller.GameController - Ed
17:28:04 DEBUG controller.GameController - Simba
17:28:04 DEBUG controller.GameController - Shenzi
17:28:49 DEBUG controller.GameController - Simba
17:28:49 DEBUG controller.GameController - Shenzi
18:20:11 DEBUG controller.GameController - Simba
18:20:11 DEBUG controller.GameController - Ed
18:32:12 DEBUG controller.GameController - Simba
18:32:12 DEBUG controller.GameController - Ed
18:33:39 DEBUG controller.GameController - Simba
18:33:39 DEBUG controller.GameController - Shenzi
18:34:58 DEBUG controller.GameController - Simba
18:34:58 DEBUG controller.GameController - Ed
18:36:19 DEBUG controller.GameController - Simba
18:36:19 DEBUG controller.GameController - Edi
20:44:05 DEBUG controller.GameController - ds
20:44:05 DEBUG controller.GameController - aa
21:35:29 DEBUG controller.GameController - asdsa0
21:35:29 DEBUG controller.GameController - dsfs
21:44:46 DEBUG controller.GameController - asd
21:44:46 DEBUG controller.GameController - fds
21:45:29 DEBUG controller.GameController - sa
21:45:29 DEBUG controller.GameController - dd
22:30:36 DEBUG controller.GameController - Simba
22:30:36 DEBUG controller.GameController - Shenzi
10:47:16 DEBUG controller.GameController - Rubi
10:47:16 DEBUG controller.GameController - Domi
