22:30:40 - Simba move to the (2,1) position.
22:30:42 - Simba set default the (3,6) position.
22:30:44 - Shenzi move to the (2,6) position.
22:30:48 - Shenzi set default the (3,1) position.
22:30:51 - Simba move to the (2,2) position.
22:30:53 - Simba set default the (2,5) position.
22:30:55 - Shenzi move to the (3,5) position.
22:31:00 - Shenzi set default the (3,2) position.
22:31:02 - Simba move to the (2,3) position.
22:31:06 - Simba set default the (2,4) position.
22:31:08 - Shenzi move to the (3,4) position.
22:31:12 - Shenzi set default the (2,2) position.
22:31:17 - Simba move to the (3,3) position.
22:31:19 - Simba set default the (3,5) position.
22:31:21 - Shenzi move to the (2,3) position.
22:31:30 - Shenzi set default the (1,2) position.
22:31:34 - Simba move to the (3,4) position.
22:31:37 - Simba set default the (1,4) position.
22:31:40 - Shenzi move to the (3,3) position.
22:31:47 - Shenzi set default the (4,4) position.
22:31:49 - Simba move to the (4,3) position.
22:31:56 - Simba set default the (2,3) position.
22:32:20 - Shenzi move to the (4,2) position.
22:32:22 - Shenzi set default the (3,4) position.
22:32:25 - Simba move to the (3,3) position.
22:32:26 - Simba set default the (4,1) position.
22:32:28 - Shenzi move to the (4,3) position.
22:32:31 - Shenzi set default the (2,6) position.
22:32:32 - Simba move to the (4,2) position.
22:32:33 - Simba set default the (3,3) position.
22:32:34 - Shenzi win the game in 15 steps.
